<?xml version="1.0" encoding="UTF-8"?>
<!-- Generated by org.testng.reporters.JUnitXMLReporter -->
<testsuite ignored="0" hostname="LIN-5CG1049HFV" failures="0" tests="4" name="Test1" time="4.323" errors="0" timestamp="2024-05-17T12:45:59 IST">
  <testcase classname="restAssured.RestAssured.DataProviderTest1" name="addData" time="2.375"/>
  <testcase classname="restAssured.RestAssured.DataProviderTest1" name="addData" time="0.477"/>
  <testcase classname="restAssured.RestAssured.DataProviderTest1" name="addData" time="0.464"/>
  <testcase classname="restAssured.RestAssured.DataProviderTest1" name="addData" time="0.462"/>
</testsuite> <!-- Test1 -->
