<?xml version="1.0" encoding="UTF-8"?>
<!-- Generated by org.testng.reporters.JUnitXMLReporter -->
<testsuite ignored="0" hostname="LIN-5CG1049HFV" failures="0" tests="4" name="Test3" time="1.653" errors="0" timestamp="2024-05-17T12:46:02 IST">
  <testcase classname="restAssured.RestAssured.DataProviderTest1" name="addData" time="0.449"/>
  <testcase classname="restAssured.RestAssured.DataProviderTest1" name="addData" time="0.394"/>
  <testcase classname="restAssured.RestAssured.DataProviderTest1" name="addData" time="0.393"/>
  <testcase classname="restAssured.RestAssured.DataProviderTest1" name="addData" time="0.407"/>
</testsuite> <!-- Test3 -->
