<?xml version="1.0" encoding="UTF-8"?>
<!-- Generated by org.testng.reporters.JUnitXMLReporter -->
<testsuite ignored="0" hostname="LIN-5CG1049HFV" failures="0" tests="4" name="Test" time="4.799" errors="0" timestamp="2024-05-17T12:37:09 IST">
  <testcase classname="restAssured.RestAssured.DataProviderTest1" name="addData" time="2.666"/>
  <testcase classname="restAssured.RestAssured.DataProviderTest1" name="addData" time="0.68"/>
  <testcase classname="restAssured.RestAssured.DataProviderTest1" name="addData" time="0.449"/>
  <testcase classname="restAssured.RestAssured.DataProviderTest1" name="addData" time="0.484"/>
</testsuite> <!-- Test -->
