<?xml version="1.0" encoding="UTF-8"?>
<!-- Generated by org.testng.reporters.JUnitXMLReporter -->
<testsuite ignored="0" hostname="LIN-5CG1049HFV" failures="0" tests="4" name="Test2" time="1.691" errors="0" timestamp="2024-05-17T12:46:01 IST">
  <testcase classname="restAssured.RestAssured.DataProviderTest1" name="addData" time="0.406"/>
  <testcase classname="restAssured.RestAssured.DataProviderTest1" name="addData" time="0.405"/>
  <testcase classname="restAssured.RestAssured.DataProviderTest1" name="addData" time="0.447"/>
  <testcase classname="restAssured.RestAssured.DataProviderTest1" name="addData" time="0.424"/>
</testsuite> <!-- Test2 -->
